# JRE version: OpenJDK Runtime Environment Temurin-21.0.9+10 (21.0.9+10) (build 21.0.9+10-LTS)
# Java VM: OpenJDK 64-Bit Server VM Temurin-21.0.9+10 (21.0.9+10-LTS, mixed mode, sharing, tiered, compressed oops, compressed class ptrs, parallel gc, windows-amd64)
GC Precious Log:
 CardTable entry size: 512
 CPUs: 8 total, 8 available
 Memory: 16099M
 Large Page Support: Disabled
 NUMA Support: Disabled
 Compressed Oops: Enabled (32-bit)
 Alignments: Space 512K, Generation 512K, Heap 2M
 Heap Min Capacity: 100M
 Heap Initial Capacity: 100M
 Heap Max Capacity: 2G
 Pre-touch: Disabled
 Parallel Workers: 8
Heap:
 PSYoungGen      total 5632K, used 5186K [0x00000000d5580000, 0x00000000d6600000, 0x0000000100000000)
  eden space 3072K, 98% used [0x00000000d5580000,0x00000000d5870b78,0x00000000d5880000)
  from space 2560K, 85% used [0x00000000d5880000,0x00000000d5aa0000,0x00000000d5b00000)
  to   space 6144K, 0% used [0x00000000d6000000,0x00000000d6000000,0x00000000d6600000)
 ParOldGen       total 1393664K, used 1393566K [0x0000000080000000, 0x00000000d5100000, 0x00000000d5580000)
  object space 1393664K, 99% used [0x0000000080000000,0x00000000d50e7aa0,0x00000000d5100000)
 Metaspace       used 82076K, committed 83584K, reserved 1179648K
  class space    used 8314K, committed 9024K, reserved 1048576K
GC Heap History (20 events):
Event: 6191.748 GC heap after
{Heap after GC invocations=1704 (full 5):
 PSYoungGen      total 13312K, used 5203K [0x00000000d5580000, 0x00000000d6f00000, 0x0000000100000000)
  eden space 7680K, 0% used [0x00000000d5580000,0x00000000d5580000,0x00000000d5d00000)
  from space 5632K, 92% used [0x00000000d6980000,0x00000000d6e94d38,0x00000000d6f00000)
  to   space 7680K, 0% used [0x00000000d6000000,0x00000000d6000000,0x00000000d6780000)
 ParOldGen       total 1325568K, used 1325231K [0x0000000080000000, 0x00000000d0e80000, 0x00000000d5580000)
  object space 1325568K, 99% used [0x0000000080000000,0x00000000d0e2bd48,0x00000000d0e80000)
 Metaspace       used 82050K, committed 83456K, reserved 1179648K
  class space    used 8313K, committed 8960K, reserved 1048576K
}
Event: 6192.490 GC heap before
{Heap before GC invocations=1705 (full 5):
 PSYoungGen      total 13312K, used 12883K [0x00000000d5580000, 0x00000000d6f00000, 0x0000000100000000)
  eden space 7680K, 100% used [0x00000000d5580000,0x00000000d5d00000,0x00000000d5d00000)
  from space 5632K, 92% used [0x00000000d6980000,0x00000000d6e94d38,0x00000000d6f00000)
  to   space 7680K, 0% used [0x00000000d6000000,0x00000000d6000000,0x00000000d6780000)
 ParOldGen       total 1357312K, used 1355951K [0x0000000080000000, 0x00000000d2d80000, 0x00000000d5580000)
  object space 1357312K, 99% used [0x0000000080000000,0x00000000d2c2bd78,0x00000000d2d80000)
 Metaspace       used 82056K, committed 83520K, reserved 1179648K
  class space    used 8313K, committed 8960K, reserved 1048576K
}
Event: 6192.507 GC heap after
{Heap after GC invocations=1705 (full 5):
 PSYoungGen      total 15360K, used 352K [0x00000000d5580000, 0x00000000d6a00000, 0x0000000100000000)
  eden space 7680K, 0% used [0x00000000d5580000,0x00000000d5580000,0x00000000d5d00000)
  from space 7680K, 4% used [0x00000000d6000000,0x00000000d6058000,0x00000000d6780000)
  to   space 2560K, 0% used [0x00000000d6780000,0x00000000d6780000,0x00000000d6a00000)
 ParOldGen       total 1359360K, used 1358911K [0x0000000080000000, 0x00000000d2f80000, 0x00000000d5580000)
  object space 1359360K, 99% used [0x0000000080000000,0x00000000d2f0fd78,0x00000000d2f80000)
 Metaspace       used 82056K, committed 83520K, reserved 1179648K
  class space    used 8313K, committed 8960K, reserved 1048576K
}
Event: 6200.175 GC heap before
{Heap before GC invocations=1706 (full 5):
 PSYoungGen      total 15360K, used 7845K [0x00000000d5580000, 0x00000000d6a00000, 0x0000000100000000)
  eden space 7680K, 97% used [0x00000000d5580000,0x00000000d5cd15e8,0x00000000d5d00000)
  from space 7680K, 4% used [0x00000000d6000000,0x00000000d6058000,0x00000000d6780000)
  to   space 2560K, 0% used [0x00000000d6780000,0x00000000d6780000,0x00000000d6a00000)
 ParOldGen       total 1359360K, used 1358911K [0x0000000080000000, 0x00000000d2f80000, 0x00000000d5580000)
  object space 1359360K, 99% used [0x0000000080000000,0x00000000d2f0fd78,0x00000000d2f80000)
 Metaspace       used 82068K, committed 83584K, reserved 1179648K
  class space    used 8314K, committed 9024K, reserved 1048576K
}
Event: 6200.188 GC heap after
{Heap after GC invocations=1706 (full 5):
 PSYoungGen      total 9216K, used 1053K [0x00000000d5580000, 0x00000000d6900000, 0x0000000100000000)
  eden space 7680K, 0% used [0x00000000d5580000,0x00000000d5580000,0x00000000d5d00000)
  from space 1536K, 68% used [0x00000000d6780000,0x00000000d68876c0,0x00000000d6900000)
  to   space 1536K, 0% used [0x00000000d6600000,0x00000000d6600000,0x00000000d6780000)
 ParOldGen       total 1359360K, used 1359133K [0x0000000080000000, 0x00000000d2f80000, 0x00000000d5580000)
  object space 1359360K, 99% used [0x0000000080000000,0x00000000d2f47788,0x00000000d2f80000)
 Metaspace       used 82068K, committed 83584K, reserved 1179648K
  class space    used 8314K, committed 9024K, reserved 1048576K
}
Event: 6200.290 GC heap before
{Heap before GC invocations=1707 (full 5):
 PSYoungGen      total 9216K, used 8716K [0x00000000d5580000, 0x00000000d6900000, 0x0000000100000000)
  eden space 7680K, 99% used [0x00000000d5580000,0x00000000d5cfbd18,0x00000000d5d00000)
  from space 1536K, 68% used [0x00000000d6780000,0x00000000d68876c0,0x00000000d6900000)
  to   space 1536K, 0% used [0x00000000d6600000,0x00000000d6600000,0x00000000d6780000)
 ParOldGen       total 1359360K, used 1359133K [0x0000000080000000, 0x00000000d2f80000, 0x00000000d5580000)
  object space 1359360K, 99% used [0x0000000080000000,0x00000000d2f47788,0x00000000d2f80000)
 Metaspace       used 82068K, committed 83584K, reserved 1179648K
  class space    used 8314K, committed 9024K, reserved 1048576K
}
Event: 6200.311 GC heap after
{Heap after GC invocations=1707 (full 5):
 PSYoungGen      total 9216K, used 1522K [0x00000000d5580000, 0x00000000d7000000, 0x0000000100000000)
  eden space 7680K, 0% used [0x00000000d5580000,0x00000000d5580000,0x00000000d5d00000)
  from space 1536K, 99% used [0x00000000d6600000,0x00000000d677cb98,0x00000000d6780000)
  to   space 8704K, 0% used [0x00000000d6780000,0x00000000d6780000,0x00000000d7000000)
 ParOldGen       total 1366016K, used 1365820K [0x0000000080000000, 0x00000000d3600000, 0x00000000d5580000)
  object space 1366016K, 99% used [0x0000000080000000,0x00000000d35cf3b0,0x00000000d3600000)
 Metaspace       used 82068K, committed 83584K, reserved 1179648K
  class space    used 8314K, committed 9024K, reserved 1048576K
}
Event: 6200.367 GC heap before
{Heap before GC invocations=1708 (full 5):
 PSYoungGen      total 9216K, used 9202K [0x00000000d5580000, 0x00000000d7000000, 0x0000000100000000)
  eden space 7680K, 100% used [0x00000000d5580000,0x00000000d5d00000,0x00000000d5d00000)
  from space 1536K, 99% used [0x00000000d6600000,0x00000000d677cb98,0x00000000d6780000)
  to   space 8704K, 0% used [0x00000000d6780000,0x00000000d6780000,0x00000000d7000000)
 ParOldGen       total 1366016K, used 1365820K [0x0000000080000000, 0x00000000d3600000, 0x00000000d5580000)
  object space 1366016K, 99% used [0x0000000080000000,0x00000000d35cf3b0,0x00000000d3600000)
 Metaspace       used 82068K, committed 83584K, reserved 1179648K
  class space    used 8314K, committed 9024K, reserved 1048576K
}
Event: 6200.390 GC heap after
{Heap after GC invocations=1708 (full 5):
 PSYoungGen      total 13312K, used 5248K [0x00000000d5580000, 0x00000000d6d00000, 0x0000000100000000)
  eden space 7680K, 0% used [0x00000000d5580000,0x00000000d5580000,0x00000000d5d00000)
  from space 5632K, 93% used [0x00000000d6780000,0x00000000d6ca0000,0x00000000d6d00000)
  to   space 6656K, 0% used [0x00000000d6000000,0x00000000d6000000,0x00000000d6680000)
 ParOldGen       total 1366016K, used 1365980K [0x0000000080000000, 0x00000000d3600000, 0x00000000d5580000)
  object space 1366016K, 99% used [0x0000000080000000,0x00000000d35f73b0,0x00000000d3600000)
 Metaspace       used 82068K, committed 83584K, reserved 1179648K
  class space    used 8314K, committed 9024K, reserved 1048576K
}
Event: 6200.474 GC heap before
{Heap before GC invocations=1709 (full 5):
 PSYoungGen      total 13312K, used 12928K [0x00000000d5580000, 0x00000000d6d00000, 0x0000000100000000)
  eden space 7680K, 100% used [0x00000000d5580000,0x00000000d5d00000,0x00000000d5d00000)
  from space 5632K, 93% used [0x00000000d6780000,0x00000000d6ca0000,0x00000000d6d00000)
  to   space 6656K, 0% used [0x00000000d6000000,0x00000000d6000000,0x00000000d6680000)
 ParOldGen       total 1366016K, used 1365980K [0x0000000080000000, 0x00000000d3600000, 0x00000000d5580000)
  object space 1366016K, 99% used [0x0000000080000000,0x00000000d35f73b0,0x00000000d3600000)
 Metaspace       used 82070K, committed 83584K, reserved 1179648K
  class space    used 8314K, committed 9024K, reserved 1048576K
}
Event: 6200.501 GC heap after
{Heap after GC invocations=1709 (full 5):
 PSYoungGen      total 14336K, used 6496K [0x00000000d5580000, 0x00000000d6b00000, 0x0000000100000000)
  eden space 7680K, 0% used [0x00000000d5580000,0x00000000d5580000,0x00000000d5d00000)
  from space 6656K, 97% used [0x00000000d6000000,0x00000000d6658000,0x00000000d6680000)
  to   space 4608K, 0% used [0x00000000d6680000,0x00000000d6680000,0x00000000d6b00000)
 ParOldGen       total 1371648K, used 1371176K [0x0000000080000000, 0x00000000d3b80000, 0x00000000d5580000)
  object space 1371648K, 99% used [0x0000000080000000,0x00000000d3b0a3c0,0x00000000d3b80000)
 Metaspace       used 82070K, committed 83584K, reserved 1179648K
  class space    used 8314K, committed 9024K, reserved 1048576K
}
Event: 6200.689 GC heap before
{Heap before GC invocations=1710 (full 5):
 PSYoungGen      total 14336K, used 14176K [0x00000000d5580000, 0x00000000d6b00000, 0x0000000100000000)
  eden space 7680K, 100% used [0x00000000d5580000,0x00000000d5d00000,0x00000000d5d00000)
  from space 6656K, 97% used [0x00000000d6000000,0x00000000d6658000,0x00000000d6680000)
  to   space 4608K, 0% used [0x00000000d6680000,0x00000000d6680000,0x00000000d6b00000)
 ParOldGen       total 1371648K, used 1371176K [0x0000000080000000, 0x00000000d3b80000, 0x00000000d5580000)
  object space 1371648K, 99% used [0x0000000080000000,0x00000000d3b0a3c0,0x00000000d3b80000)
 Metaspace       used 82070K, committed 83584K, reserved 1179648K
  class space    used 8314K, committed 9024K, reserved 1048576K
}
Event: 6200.717 GC heap after
{Heap after GC invocations=1710 (full 5):
 PSYoungGen      total 12288K, used 4577K [0x00000000d5580000, 0x00000000d6b00000, 0x0000000100000000)
  eden space 7680K, 0% used [0x00000000d5580000,0x00000000d5580000,0x00000000d5d00000)
  from space 4608K, 99% used [0x00000000d6680000,0x00000000d6af8400,0x00000000d6b00000)
  to   space 5632K, 0% used [0x00000000d6000000,0x00000000d6000000,0x00000000d6580000)
 ParOldGen       total 1377792K, used 1377580K [0x0000000080000000, 0x00000000d4180000, 0x00000000d5580000)
  object space 1377792K, 99% used [0x0000000080000000,0x00000000d414b3d0,0x00000000d4180000)
 Metaspace       used 82070K, committed 83584K, reserved 1179648K
  class space    used 8314K, committed 9024K, reserved 1048576K
}
Event: 6201.035 GC heap before
{Heap before GC invocations=1711 (full 5):
 PSYoungGen      total 12288K, used 12257K [0x00000000d5580000, 0x00000000d6b00000, 0x0000000100000000)
  eden space 7680K, 100% used [0x00000000d5580000,0x00000000d5d00000,0x00000000d5d00000)
  from space 4608K, 99% used [0x00000000d6680000,0x00000000d6af8400,0x00000000d6b00000)
  to   space 5632K, 0% used [0x00000000d6000000,0x00000000d6000000,0x00000000d6580000)
 ParOldGen       total 1377792K, used 1377580K [0x0000000080000000, 0x00000000d4180000, 0x00000000d5580000)
  object space 1377792K, 99% used [0x0000000080000000,0x00000000d414b3d0,0x00000000d4180000)
 Metaspace       used 82073K, committed 83584K, reserved 1179648K
  class space    used 8314K, committed 9024K, reserved 1048576K
}
Event: 6201.060 GC heap after
{Heap after GC invocations=1711 (full 5):
 PSYoungGen      total 13312K, used 5616K [0x00000000d5580000, 0x00000000d6900000, 0x0000000100000000)
  eden space 7680K, 0% used [0x00000000d5580000,0x00000000d5580000,0x00000000d5d00000)
  from space 5632K, 99% used [0x00000000d6000000,0x00000000d657c2d0,0x00000000d6580000)
  to   space 3584K, 0% used [0x00000000d6580000,0x00000000d6580000,0x00000000d6900000)
 ParOldGen       total 1382400K, used 1382053K [0x0000000080000000, 0x00000000d4600000, 0x00000000d5580000)
  object space 1382400K, 99% used [0x0000000080000000,0x00000000d45a97d0,0x00000000d4600000)
 Metaspace       used 82073K, committed 83584K, reserved 1179648K
  class space    used 8314K, committed 9024K, reserved 1048576K
}
Event: 6201.310 GC heap before
{Heap before GC invocations=1712 (full 5):
 PSYoungGen      total 13312K, used 13296K [0x00000000d5580000, 0x00000000d6900000, 0x0000000100000000)
  eden space 7680K, 100% used [0x00000000d5580000,0x00000000d5d00000,0x00000000d5d00000)
  from space 5632K, 99% used [0x00000000d6000000,0x00000000d657c2d0,0x00000000d6580000)
  to   space 3584K, 0% used [0x00000000d6580000,0x00000000d6580000,0x00000000d6900000)
 ParOldGen       total 1382400K, used 1382053K [0x0000000080000000, 0x00000000d4600000, 0x00000000d5580000)
  object space 1382400K, 99% used [0x0000000080000000,0x00000000d45a97d0,0x00000000d4600000)
 Metaspace       used 82073K, committed 83584K, reserved 1179648K
  class space    used 8314K, committed 9024K, reserved 1048576K
}
Event: 6201.341 GC heap after
{Heap after GC invocations=1712 (full 5):
 PSYoungGen      total 6656K, used 3584K [0x00000000d5580000, 0x00000000d7700000, 0x0000000100000000)
  eden space 3072K, 0% used [0x00000000d5580000,0x00000000d5580000,0x00000000d5880000)
  from space 3584K, 100% used [0x00000000d6580000,0x00000000d6900000,0x00000000d6900000)
  to   space 13312K, 0% used [0x00000000d5880000,0x00000000d5880000,0x00000000d6580000)
 ParOldGen       total 1391104K, used 1390606K [0x0000000080000000, 0x00000000d4e80000, 0x00000000d5580000)
  object space 1391104K, 99% used [0x0000000080000000,0x00000000d4e03aa0,0x00000000d4e80000)
 Metaspace       used 82073K, committed 83584K, reserved 1179648K
  class space    used 8314K, committed 9024K, reserved 1048576K
}
Event: 6202.155 GC heap before
{Heap before GC invocations=1713 (full 5):
 PSYoungGen      total 6656K, used 6656K [0x00000000d5580000, 0x00000000d7700000, 0x0000000100000000)
  eden space 3072K, 100% used [0x00000000d5580000,0x00000000d5880000,0x00000000d5880000)
  from space 3584K, 100% used [0x00000000d6580000,0x00000000d6900000,0x00000000d6900000)
  to   space 13312K, 0% used [0x00000000d5880000,0x00000000d5880000,0x00000000d6580000)
 ParOldGen       total 1391104K, used 1390606K [0x0000000080000000, 0x00000000d4e80000, 0x00000000d5580000)
  object space 1391104K, 99% used [0x0000000080000000,0x00000000d4e03aa0,0x00000000d4e80000)
 Metaspace       used 82076K, committed 83584K, reserved 1179648K
  class space    used 8314K, committed 9024K, reserved 1048576K
}
Event: 6202.175 GC heap after
{Heap after GC invocations=1713 (full 5):
 PSYoungGen      total 5632K, used 2176K [0x00000000d5580000, 0x00000000d6600000, 0x0000000100000000)
  eden space 3072K, 0% used [0x00000000d5580000,0x00000000d5580000,0x00000000d5880000)
  from space 2560K, 85% used [0x00000000d5880000,0x00000000d5aa0000,0x00000000d5b00000)
  to   space 6144K, 0% used [0x00000000d6000000,0x00000000d6000000,0x00000000d6600000)
 ParOldGen       total 1393664K, used 1393566K [0x0000000080000000, 0x00000000d5100000, 0x00000000d5580000)
  object space 1393664K, 99% used [0x0000000080000000,0x00000000d50e7aa0,0x00000000d5100000)
 Metaspace       used 82076K, committed 83584K, reserved 1179648K
  class space    used 8314K, committed 9024K, reserved 1048576K
}
Event: 6202.260 GC heap before
{Heap before GC invocations=1714 (full 6):
 PSYoungGen      total 5632K, used 5186K [0x00000000d5580000, 0x00000000d6600000, 0x0000000100000000)
  eden space 3072K, 98% used [0x00000000d5580000,0x00000000d5870b78,0x00000000d5880000)
  from space 2560K, 85% used [0x00000000d5880000,0x00000000d5aa0000,0x00000000d5b00000)
  to   space 6144K, 0% used [0x00000000d6000000,0x00000000d6000000,0x00000000d6600000)
 ParOldGen       total 1393664K, used 1393566K [0x0000000080000000, 0x00000000d5100000, 0x00000000d5580000)
  object space 1393664K, 99% used [0x0000000080000000,0x00000000d50e7aa0,0x00000000d5100000)
 Metaspace       used 82076K, committed 83584K, reserved 1179648K
  class space    used 8314K, committed 9024K, reserved 1048576K
}

